<?xml version="1.0" encoding="UTF-8" ?>
<testsuite errors="0" failures="0" hostname="saiho" name="simpledb.BTreePageIdTest" skipped="0" tests="4" time="0.083" timestamp="2024-05-05T11:47:18">
  <properties>
    <property name="java.vendor" value="Azul Systems, Inc." />
    <property name="jarfile" value="C:\Users\19012\Desktop\simple-db-hw-2021-master\dist\simpledb.jar" />
    <property name="sun.java.launcher" value="SUN_STANDARD" />
    <property name="sun.management.compiler" value="HotSpot 64-Bit Tiered Compilers" />
    <property name="dist" value="C:\Users\19012\Desktop\simple-db-hw-2021-master\dist" />
    <property name="lib" value="C:\Users\19012\Desktop\simple-db-hw-2021-master\lib" />
    <property name="os.name" value="Windows 11" />
    <property name="sun.boot.class.path" value="D:\JavaJDK\jre\lib\resources.jar;D:\JavaJDK\jre\lib\rt.jar;D:\JavaJDK\jre\lib\sunrsasign.jar;D:\JavaJDK\jre\lib\jsse.jar;D:\JavaJDK\jre\lib\jce.jar;D:\JavaJDK\jre\lib\charsets.jar;D:\JavaJDK\jre\lib\jfr.jar;D:\JavaJDK\jre\lib\cat.jar;D:\JavaJDK\jre\classes" />
    <property name="sun.desktop" value="windows" />
    <property name="java.vm.specification.vendor" value="Oracle Corporation" />
    <property name="ant.home" value="C:\Users\19012\AppData\Roaming\JetBrains\IntelliJIdea2024.1\plugins\ant\dist" />
    <property name="java.runtime.version" value="1.8.0_372-b07" />
    <property name="user.name" value="19012" />
    <property name="user.language" value="zh" />
    <property name="build" value="C:\Users\19012\Desktop\simple-db-hw-2021-master\bin" />
    <property name="sun.boot.library.path" value="D:\JavaJDK\jre\bin" />
    <property name="ant.project.default-target" value="dist" />
    <property name="ant.project.name" value="simpledb" />
    <property name="java.version" value="1.8.0_372" />
    <property name="user.timezone" value="" />
    <property name="sun.arch.data.model" value="64" />
    <property name="java.endorsed.dirs" value="D:\JavaJDK\jre\lib\endorsed" />
    <property name="doc" value="C:\Users\19012\Desktop\simple-db-hw-2021-master\javadoc" />
    <property name="sun.cpu.isalist" value="amd64" />
    <property name="sun.jnu.encoding" value="GBK" />
    <property name="ant.file.simpledb" value="C:\Users\19012\Desktop\simple-db-hw-2021-master\build.xml" />
    <property name="file.encoding.pkg" value="sun.io" />
    <property name="build.src" value="C:\Users\19012\Desktop\simple-db-hw-2021-master\bin\src" />
    <property name="file.separator" value="\" />
    <property name="java.specification.name" value="Java Platform API Specification" />
    <property name="java.class.version" value="52.0" />
    <property name="src" value="C:\Users\19012\Desktop\simple-db-hw-2021-master\src" />
    <property name="user.country" value="CN" />
    <property name="java.home" value="D:\JavaJDK\jre" />
    <property name="java.vm.info" value="mixed mode" />
    <property name="ant.file" value="C:\Users\19012\Desktop\simple-db-hw-2021-master\build.xml" />
    <property name="os.version" value="10.0" />
    <property name="test.reports" value="C:\Users\19012\Desktop\simple-db-hw-2021-master\testreport" />
    <property name="path.separator" value=";" />
    <property name="java.vm.version" value="25.372-b07" />
    <property name="sourceversion" value="1.8" />
    <property name="depcache" value="C:\Users\19012\Desktop\simple-db-hw-2021-master\bin\depcache" />
    <property name="user.variant" value="" />
    <property name="ant.library.dir" value="C:\Users\19012\AppData\Roaming\JetBrains\IntelliJIdea2024.1\plugins\ant\dist\lib" />
    <property name="java.awt.printerjob" value="sun.awt.windows.WPrinterJob" />
    <property name="sun.io.unicode.encoding" value="UnicodeLittle" />
    <property name="java.specification.maintenance.version" value="4" />
    <property name="awt.toolkit" value="sun.awt.windows.WToolkit" />
    <property name="user.script" value="" />
    <property name="user.home" value="C:\Users\19012" />
    <property name="java.specification.vendor" value="Oracle Corporation" />
    <property name="java.library.path" value="D:\JavaJDK\jre\bin;C:\WINDOWS\Sun\Java\bin;C:\WINDOWS\system32;C:\WINDOWS;C:\Program Files\NVIDIA GPU Computing Toolkit\CUDA\v12.1\bin;C:\Program Files\NVIDIA GPU Computing Toolkit\CUDA\v12.1\libnvvp;D:\JavaJDK\bin\;C:\Program Files (x86)\Common Files\Oracle\Java\javapath;C:\WINDOWS\system32;C:\WINDOWS;C:\WINDOWS\System32\Wbem;C:\WINDOWS\System32\WindowsPowerShell\v1.0\;C:\WINDOWS\System32\OpenSSH\;C:\Program Files\Bandizip\;C:\Program Files\NVIDIA Corporation\NVIDIA NvDLISR;D:\Android\SDK\platform-tools;C:\Program Files (x86)\NVIDIA Corporation\PhysX\Common;C:\Program Files\NVIDIA Corporation\Nsight Compute 2023.1.0\;D:\Program Files (x86)\MySQL\mysql-8.0.35-winx64\bin;D:\GoSDK\go1.21.4\bin;D:\Git\Git\cmd;D:\Git\Git\bin;D:\Git\Git\mingw64\bin;D:\Git\Git\mingw64\libexec\git-core;D:\Node.js\;D:\Python_Env;D:\Python_Env\Scripts;D:\Ant\apache-ant-1.9.16-bin\apache-ant-1.9.16\bin;C:\Users\19012\AppData\Local\Microsoft\WindowsApps;D:\Program Files (x86)\Clion\CLion 2023.1.4\bin;D:\Program Files (x86)\DataGrip\DataGrip 2023.1.2\bin;C:\Users\19012\AppData\Local\Programs\Microsoft VS Code\bin;C:\Users\19012\AppData\Local\JetBrains\Toolbox\scripts;D:\Program Files (x86)\Goland\GoLand 2023.2.5\bin;;D:\Program Files (x86)\WebStorm\WebStorm 2023.3.2\bin;;C:\Users\19012\AppData\Roaming\npm;;." />
    <property name="java.vendor.url" value="http://www.azul.com/" />
    <property name="java.vm.vendor" value="Azul Systems, Inc." />
    <property name="java.runtime.name" value="OpenJDK Runtime Environment" />
    <property name="sun.java.command" value="org.apache.tools.ant.taskdefs.optional.junit.JUnitTestRunner simpledb.BTreePageIdTest skipNonTests=false filtertrace=true haltOnError=false haltOnFailure=false formatter=org.apache.tools.ant.taskdefs.optional.junit.SummaryJUnitResultFormatter showoutput=false outputtoformatters=true logfailedtests=true threadid=0 logtestlistenerevents=false formatter=org.apache.tools.ant.taskdefs.optional.junit.PlainJUnitResultFormatter formatter=org.apache.tools.ant.taskdefs.optional.junit.XMLJUnitResultFormatter,C:\Users\19012\Desktop\simple-db-hw-2021-master\testreport\TEST-simpledb.BTreePageIdTest.xml formatter=org.apache.tools.ant.taskdefs.optional.junit.PlainJUnitResultFormatter,C:\Users\19012\Desktop\simple-db-hw-2021-master\testreport\TEST-simpledb.BTreePageIdTest.txt crashfile=C:\Users\19012\Desktop\simple-db-hw-2021-master\junitvmwatcher3344735263225953224.properties propsfile=C:\Users\19012\Desktop\simple-db-hw-2021-master\junit5974817902073980210.properties" />
    <property name="java.class.path" value="C:\Users\19012\Desktop\simple-db-hw-2021-master\bin\src;C:\Users\19012\Desktop\simple-db-hw-2021-master\lib\zql.jar;C:\Users\19012\Desktop\simple-db-hw-2021-master\lib\jline-0.9.94.jar;C:\Users\19012\Desktop\simple-db-hw-2021-master\bin\test;C:\Users\19012\Desktop\simple-db-hw-2021-master\lib\junit-4.13.1.jar;C:\Users\19012\Desktop\simple-db-hw-2021-master\lib\hamcrest-core-1.3.jar;C:\Users\19012\AppData\Roaming\JetBrains\IntelliJIdea2024.1\plugins\ant\dist\ant.jar" />
    <property name="ant.version" value="Apache Ant(TM) version 1.10.14 compiled on August 16 2023" />
    <property name="java.vm.specification.name" value="Java Virtual Machine Specification" />
    <property name="ant.file.type" value="file" />
    <property name="java.vm.specification.version" value="1.8" />
    <property name="sun.cpu.endian" value="little" />
    <property name="sun.os.patch.level" value="" />
    <property name="compile.debug" value="true" />
    <property name="java.io.tmpdir" value="C:\Users\19012\AppData\Local\Temp\" />
    <property name="java.vendor.url.bug" value="http://www.azul.com/support/" />
    <property name="os.arch" value="amd64" />
    <property name="java.awt.graphicsenv" value="sun.awt.Win32GraphicsEnvironment" />
    <property name="java.ext.dirs" value="D:\JavaJDK\jre\lib\ext;C:\WINDOWS\Sun\Java\lib\ext" />
    <property name="testd" value="C:\Users\19012\Desktop\simple-db-hw-2021-master\test" />
    <property name="user.dir" value="C:\Users\19012\Desktop\simple-db-hw-2021-master" />
    <property name="line.separator" value="&#xd;&#xa;" />
    <property name="java.vm.name" value="OpenJDK 64-Bit Server VM" />
    <property name="jdk.vendor.version" value="Zulu 8.70.0.23-CA-win64" />
    <property name="basedir" value="C:\Users\19012\Desktop\simple-db-hw-2021-master" />
    <property name="ant.java.version" value="1.8" />
    <property name="ant.core.lib" value="C:\Users\19012\AppData\Roaming\JetBrains\IntelliJIdea2024.1\plugins\ant\dist\ant.jar" />
    <property name="file.encoding" value="GBK" />
    <property name="junit.failed" value="true" />
    <property name="build.test" value="C:\Users\19012\Desktop\simple-db-hw-2021-master\bin\test" />
    <property name="java.specification.version" value="1.8" />
    <property name="ant.project.invoked-targets" value="test-report" />
    <property name="ant.file.type.simpledb" value="file" />
  </properties>
  <testcase classname="simpledb.BTreePageIdTest" name="equals" time="0.005" />
  <testcase classname="simpledb.BTreePageIdTest" name="pageno" time="0.0" />
  <testcase classname="simpledb.BTreePageIdTest" name="getTableId" time="0.0" />
  <testcase classname="simpledb.BTreePageIdTest" name="testHashCode" time="0.0" />
  <system-out><![CDATA[]]></system-out>
  <system-err><![CDATA[]]></system-err>
</testsuite>
